<?xml version="1.0" encoding="UTF-8"?>
<!-- Generated by org.testng.reporters.JUnitReportReporter -->
<testsuite hostname="HDC2-L-33245XC" failures="0" tests="1" name="Petal.BookAppointment" time="0.000" errors="0" timestamp="2025-06-06T14:44:03 IST" skipped="1">
  <testcase classname="Petal.BookAppointment" name="bookappointment" time="0.000">
    <skipped/>
  </testcase> <!-- bookappointment -->
</testsuite> <!-- Petal.BookAppointment -->
