<?xml version="1.0" encoding="UTF-8"?>
<!-- Generated by org.testng.reporters.JUnitReportReporter -->
<testsuite hostname="HDC2-L-33245XC" failures="0" tests="1" name="Petal.AddPatient" time="6.698" errors="0" timestamp="2025-06-06T14:44:02 IST" skipped="0">
  <testcase classname="Petal.AddPatient" name="testFindPatient" time="6.698"/>
</testsuite> <!-- Petal.AddPatient -->
