<?xml version="1.0" encoding="UTF-8"?>
<!-- Generated by org.testng.reporters.JUnitReportReporter -->
<testsuite hostname="HDC2-L-33245XC" failures="0" tests="1" name="Vitrai.CreateTask" time="5.497" errors="0" timestamp="2025-06-06T14:44:02 IST" skipped="0">
  <testcase classname="Vitrai.CreateTask" name="createtask" time="5.497"/>
</testsuite> <!-- Vitrai.CreateTask -->
