<?xml version="1.0" encoding="UTF-8"?>
<!-- Generated by org.testng.reporters.JUnitReportReporter -->
<testsuite hostname="HDC2-L-33245XC" failures="0" tests="1" name="Petal.GetServiceTypes" time="0.795" errors="0" timestamp="2025-06-06T14:44:03 IST" skipped="0">
  <testcase classname="Petal.GetServiceTypes" name="testApi" time="0.795"/>
</testsuite> <!-- Petal.GetServiceTypes -->
