<?xml version="1.0" encoding="UTF-8"?>
<!-- Generated by org.testng.reporters.JUnitReportReporter -->
<testsuite hostname="HDC2-L-33245XC" failures="0" tests="1" name="Vitrai.UpdateServiceRequest" time="0.000" errors="0" timestamp="2025-06-06T14:44:02 IST" skipped="1">
  <testcase classname="Vitrai.UpdateServiceRequest" name="updateservicerequest" time="0.000">
    <skipped/>
  </testcase> <!-- updateservicerequest -->
</testsuite> <!-- Vitrai.UpdateServiceRequest -->
